nohup: ignoring input
[1;36m════════════════════════════════════════════════════════════[0m
[1;32m🎯 期号: 2025105期 完全吻合！[0m
[1;34m红球: [4, 7, 18, 24, 26, 28]  蓝球: 8[0m
[1;33m推演次数: 790417[0m
[1;36m────────────────────────────────────────────────────────────[0m
[1;35m[AI深度分析报告] 2025105期:[0m
[0;37m[GPT未配置][0m
[1;36m════════════════════════════════════════════════════════════[0m

[1;36m════════════════════════════════════════════════════════════[0m
[1;32m🎯 期号: 2025111期 完全吻合！[0m
[1;34m红球: [9, 14, 18, 28, 31, 33]  蓝球: 12[0m
[1;33m推演次数: 135840[0m
[1;36m────────────────────────────────────────────────────────────[0m
[1;35m[AI深度分析报告] 2025111期:[0m
[0;37m[GPT未配置][0m
[1;36m════════════════════════════════════════════════════════════[0m

[1;36m════════════════════════════════════════════════════════════[0m
[1;32m🎯 期号: 2025105期 完全吻合！[0m
[1;34m红球: [4, 7, 18, 24, 26, 28]  蓝球: 8[0m
[1;33m推演次数: 110163[0m
[1;36m────────────────────────────────────────────────────────────[0m
[1;35m[AI深度分析报告] 2025105期:[0m
[0;37m[GPT未配置][0m
[1;36m════════════════════════════════════════════════════════════[0m

[1;36m════════════════════════════════════════════════════════════[0m
[1;32m🎯 期号: 2025097期 完全吻合！[0m
[1;34m红球: [3, 5, 16, 23, 26, 31]  蓝球: 14[0m
[1;33m推演次数: 216270[0m
[1;36m────────────────────────────────────────────────────────────[0m
[1;35m[AI深度分析报告] 2025097期:[0m
[0;37m[GPT未配置][0m
[1;36m════════════════════════════════════════════════════════════[0m

[1;36m════════════════════════════════════════════════════════════[0m
[1;32m🎯 期号: 2025107期 完全吻合！[0m
[1;34m红球: [2, 3, 10, 15, 25, 33]  蓝球: 13[0m
[1;33m推演次数: 956411[0m
[1;36m────────────────────────────────────────────────────────────[0m
[1;35m[AI深度分析报告] 2025107期:[0m
[0;37m[GPT未配置][0m
[1;36m════════════════════════════════════════════════════════════[0m

[1;36m════════════════════════════════════════════════════════════[0m
[1;32m🎯 期号: 2025114期 完全吻合！[0m
[1;34m红球: [1, 20, 21, 25, 26, 27]  蓝球: 10[0m
[1;33m推演次数: 76894[0m
[1;36m────────────────────────────────────────────────────────────[0m
[1;35m[AI深度分析报告] 2025114期:[0m
[0;37m[GPT未配置][0m
[1;36m════════════════════════════════════════════════════════════[0m

[1;36m════════════════════════════════════════════════════════════[0m
[1;32m🎯 期号: 2025095期 完全吻合！[0m
[1;34m红球: [15, 16, 22, 23, 26, 32]  蓝球: 4[0m
[1;33m推演次数: 884578[0m
[1;36m────────────────────────────────────────────────────────────[0m
[1;35m[AI深度分析报告] 2025095期:[0m
[0;37m[GPT未配置][0m
[1;36m════════════════════════════════════════════════════════════[0m

[1;36m════════════════════════════════════════════════════════════[0m
[1;32m🎯 期号: 2025105期 完全吻合！[0m
[1;34m红球: [4, 7, 18, 24, 26, 28]  蓝球: 8[0m
[1;33m推演次数: 388397[0m
[1;36m────────────────────────────────────────────────────────────[0m
[1;35m[AI深度分析报告] 2025105期:[0m
[0;37m[GPT未配置][0m
[1;36m════════════════════════════════════════════════════════════[0m

[1;36m════════════════════════════════════════════════════════════[0m
[1;32m🎯 期号: 2025113期 完全吻合！[0m
[1;34m红球: [8, 10, 13, 15, 24, 31]  蓝球: 16[0m
[1;33m推演次数: 461989[0m
[1;36m────────────────────────────────────────────────────────────[0m
[1;35m[AI深度分析报告] 2025113期:[0m
[0;37m[GPT未配置][0m
[1;36m════════════════════════════════════════════════════════════[0m

[1;36m════════════════════════════════════════════════════════════[0m
[1;32m🎯 期号: 2025108期 完全吻合！[0m
[1;34m红球: [1, 9, 14, 17, 22, 33]  蓝球: 7[0m
[1;33m推演次数: 540232[0m
[1;36m────────────────────────────────────────────────────────────[0m
[1;35m[AI深度分析报告] 2025108期:[0m
[0;37m[GPT未配置][0m
[1;36m════════════════════════════════════════════════════════════[0m

[1;36m════════════════════════════════════════════════════════════[0m
[1;32m🎯 期号: 2025096期 完全吻合！[0m
[1;34m红球: [7, 9, 11, 12, 16, 29]  蓝球: 15[0m
[1;33m推演次数: 29795[0m
[1;36m────────────────────────────────────────────────────────────[0m
[1;35m[AI深度分析报告] 2025096期:[0m
[0;37m[GPT未配置][0m
[1;36m════════════════════════════════════════════════════════════[0m

[1;36m════════════════════════════════════════════════════════════[0m
[1;32m🎯 期号: 2025104期 完全吻合！[0m
[1;34m红球: [2, 5, 15, 16, 24, 32]  蓝球: 16[0m
[1;33m推演次数: 428651[0m
[1;36m────────────────────────────────────────────────────────────[0m
[1;35m[AI深度分析报告] 2025104期:[0m
[0;37m[GPT未配置][0m
[1;36m════════════════════════════════════════════════════════════[0m

[1;36m════════════════════════════════════════════════════════════[0m
[1;32m🎯 期号: 2025108期 完全吻合！[0m
[1;34m红球: [1, 9, 14, 17, 22, 33]  蓝球: 7[0m
[1;33m推演次数: 562267[0m
[1;36m────────────────────────────────────────────────────────────[0m
[1;35m[AI深度分析报告] 2025108期:[0m
[0;37m[GPT未配置][0m
[1;36m════════════════════════════════════════════════════════════[0m

[1;36m════════════════════════════════════════════════════════════[0m
[1;32m🎯 期号: 2025104期 完全吻合！[0m
[1;34m红球: [2, 5, 15, 16, 24, 32]  蓝球: 16[0m
[1;33m推演次数: 150352[0m
[1;36m────────────────────────────────────────────────────────────[0m
[1;35m[AI深度分析报告] 2025104期:[0m
[0;37m[GPT未配置][0m
[1;36m════════════════════════════════════════════════════════════[0m

[1;36m════════════════════════════════════════════════════════════[0m
[1;32m🎯 期号: 2025112期 完全吻合！[0m
[1;34m红球: [3, 9, 11, 13, 20, 32]  蓝球: 2[0m
[1;33m推演次数: 435711[0m
[1;36m────────────────────────────────────────────────────────────[0m
[1;35m[AI深度分析报告] 2025112期:[0m
[0;37m[GPT未配置][0m
[1;36m════════════════════════════════════════════════════════════[0m

[1;36m════════════════════════════════════════════════════════════[0m
[1;32m🎯 期号: 2025111期 完全吻合！[0m
[1;34m红球: [9, 14, 18, 28, 31, 33]  蓝球: 12[0m
[1;33m推演次数: 685931[0m
[1;36m────────────────────────────────────────────────────────────[0m
[1;35m[AI深度分析报告] 2025111期:[0m
[0;37m[GPT未配置][0m
[1;36m════════════════════════════════════════════════════════════[0m

[1;36m════════════════════════════════════════════════════════════[0m
[1;32m🎯 期号: 2025098期 完全吻合！[0m
[1;34m红球: [5, 8, 13, 17, 18, 29]  蓝球: 2[0m
[1;33m推演次数: 474077[0m
[1;36m────────────────────────────────────────────────────────────[0m
[1;35m[AI深度分析报告] 2025098期:[0m
[0;37m[GPT未配置][0m
[1;36m════════════════════════════════════════════════════════════[0m

[1;36m════════════════════════════════════════════════════════════[0m
[1;32m🎯 期号: 2025112期 完全吻合！[0m
[1;34m红球: [3, 9, 11, 13, 20, 32]  蓝球: 2[0m
[1;33m推演次数: 540433[0m
[1;36m────────────────────────────────────────────────────────────[0m
[1;35m[AI深度分析报告] 2025112期:[0m
[0;37m[GPT未配置][0m
[1;36m════════════════════════════════════════════════════════════[0m

[1;36m════════════════════════════════════════════════════════════[0m
[1;32m🎯 期号: 2025111期 完全吻合！[0m
[1;34m红球: [9, 14, 18, 28, 31, 33]  蓝球: 12[0m
[1;33m推演次数: 292035[0m
[1;36m────────────────────────────────────────────────────────────[0m
[1;35m[AI深度分析报告] 2025111期:[0m
[0;37m[GPT未配置][0m
[1;36m════════════════════════════════════════════════════════════[0m

[1;36m════════════════════════════════════════════════════════════[0m
[1;32m🎯 期号: 2025110期 完全吻合！[0m
[1;34m红球: [1, 5, 11, 14, 16, 19]  蓝球: 8[0m
[1;33m推演次数: 724547[0m
[1;36m────────────────────────────────────────────────────────────[0m
[1;35m[AI深度分析报告] 2025110期:[0m
[0;37m[GPT未配置][0m
[1;36m════════════════════════════════════════════════════════════[0m

[1;36m════════════════════════════════════════════════════════════[0m
[1;32m🎯 期号: 2025096期 完全吻合！[0m
[1;34m红球: [7, 9, 11, 12, 16, 29]  蓝球: 15[0m
[1;33m推演次数: 313621[0m
[1;36m────────────────────────────────────────────────────────────[0m
[1;35m[AI深度分析报告] 2025096期:[0m
[0;37m[GPT未配置][0m
[1;36m════════════════════════════════════════════════════════════[0m

[1;36m════════════════════════════════════════════════════════════[0m
[1;32m🎯 期号: 2025111期 完全吻合！[0m
[1;34m红球: [9, 14, 18, 28, 31, 33]  蓝球: 12[0m
[1;33m推演次数: 476813[0m
[1;36m────────────────────────────────────────────────────────────[0m
[1;35m[AI深度分析报告] 2025111期:[0m
[0;37m[GPT未配置][0m
[1;36m════════════════════════════════════════════════════════════[0m

[1;36m════════════════════════════════════════════════════════════[0m
[1;32m🎯 期号: 2025100期 完全吻合！[0m
[1;34m红球: [12, 16, 17, 25, 30, 31]  蓝球: 16[0m
[1;33m推演次数: 934089[0m
[1;36m────────────────────────────────────────────────────────────[0m
[1;35m[AI深度分析报告] 2025100期:[0m
[0;37m[GPT未配置][0m
[1;36m════════════════════════════════════════════════════════════[0m

[1;36m════════════════════════════════════════════════════════════[0m
[1;32m🎯 期号: 2025110期 完全吻合！[0m
[1;34m红球: [1, 5, 11, 14, 16, 19]  蓝球: 8[0m
[1;33m推演次数: 157004[0m
[1;36m────────────────────────────────────────────────────────────[0m
[1;35m[AI深度分析报告] 2025110期:[0m
[0;37m[GPT未配置][0m
[1;36m════════════════════════════════════════════════════════════[0m

[1;36m════════════════════════════════════════════════════════════[0m
[1;32m🎯 期号: 2025098期 完全吻合！[0m
[1;34m红球: [5, 8, 13, 17, 18, 29]  蓝球: 2[0m
[1;33m推演次数: 989038[0m
[1;36m────────────────────────────────────────────────────────────[0m
[1;35m[AI深度分析报告] 2025098期:[0m
[0;37m[GPT未配置][0m
[1;36m════════════════════════════════════════════════════════════[0m

[1;36m════════════════════════════════════════════════════════════[0m
[1;32m🎯 期号: 2025101期 完全吻合！[0m
[1;34m红球: [5, 8, 9, 10, 16, 21]  蓝球: 5[0m
[1;33m推演次数: 953179[0m
[1;36m────────────────────────────────────────────────────────────[0m
[1;35m[AI深度分析报告] 2025101期:[0m
[0;37m[GPT未配置][0m
[1;36m════════════════════════════════════════════════════════════[0m

[1;36m════════════════════════════════════════════════════════════[0m
[1;32m🎯 期号: 2025095期 完全吻合！[0m
[1;34m红球: [15, 16, 22, 23, 26, 32]  蓝球: 4[0m
[1;33m推演次数: 140922[0m
[1;36m────────────────────────────────────────────────────────────[0m
[1;35m[AI深度分析报告] 2025095期:[0m
[0;37m[GPT未配置][0m
[1;36m════════════════════════════════════════════════════════════[0m

[1;36m════════════════════════════════════════════════════════════[0m
[1;32m🎯 期号: 2025105期 完全吻合！[0m
[1;34m红球: [4, 7, 18, 24, 26, 28]  蓝球: 8[0m
[1;33m推演次数: 306568[0m
[1;36m────────────────────────────────────────────────────────────[0m
[1;35m[AI深度分析报告] 2025105期:[0m
[0;37m[GPT未配置][0m
[1;36m════════════════════════════════════════════════════════════[0m

[1;36m════════════════════════════════════════════════════════════[0m
[1;32m🎯 期号: 2025107期 完全吻合！[0m
[1;34m红球: [2, 3, 10, 15, 25, 33]  蓝球: 13[0m
[1;33m推演次数: 979436[0m
[1;36m────────────────────────────────────────────────────────────[0m
[1;35m[AI深度分析报告] 2025107期:[0m
[0;37m[GPT未配置][0m
[1;36m════════════════════════════════════════════════════════════[0m

[1;36m════════════════════════════════════════════════════════════[0m
[1;32m🎯 期号: 2025098期 完全吻合！[0m
[1;34m红球: [5, 8, 13, 17, 18, 29]  蓝球: 2[0m
[1;33m推演次数: 195356[0m
[1;36m────────────────────────────────────────────────────────────[0m
[1;35m[AI深度分析报告] 2025098期:[0m
[0;37m[GPT未配置][0m
[1;36m════════════════════════════════════════════════════════════[0m

[1;36m════════════════════════════════════════════════════════════[0m
[1;32m🎯 期号: 2025099期 完全吻合！[0m
[1;34m红球: [9, 11, 15, 17, 22, 26]  蓝球: 14[0m
[1;33m推演次数: 753531[0m
[1;36m────────────────────────────────────────────────────────────[0m
[1;35m[AI深度分析报告] 2025099期:[0m
[0;37m[GPT未配置][0m
[1;36m════════════════════════════════════════════════════════════[0m

[1;36m════════════════════════════════════════════════════════════[0m
[1;32m🎯 期号: 2025097期 完全吻合！[0m
[1;34m红球: [3, 5, 16, 23, 26, 31]  蓝球: 14[0m
[1;33m推演次数: 216256[0m
[1;36m────────────────────────────────────────────────────────────[0m
[1;35m[AI深度分析报告] 2025097期:[0m
[0;37m[GPT未配置][0m
[1;36m════════════════════════════════════════════════════════════[0m

[1;36m════════════════════════════════════════════════════════════[0m
[1;32m🎯 期号: 2025113期 完全吻合！[0m
[1;34m红球: [8, 10, 13, 15, 24, 31]  蓝球: 16[0m
[1;33m推演次数: 239578[0m
[1;36m────────────────────────────────────────────────────────────[0m
[1;35m[AI深度分析报告] 2025113期:[0m
[0;37m[GPT未配置][0m
[1;36m════════════════════════════════════════════════════════════[0m

[1;36m════════════════════════════════════════════════════════════[0m
[1;32m🎯 期号: 2025107期 完全吻合！[0m
[1;34m红球: [2, 3, 10, 15, 25, 33]  蓝球: 13[0m
[1;33m推演次数: 377367[0m
[1;36m────────────────────────────────────────────────────────────[0m
[1;35m[AI深度分析报告] 2025107期:[0m
[0;37m[GPT未配置][0m
[1;36m════════════════════════════════════════════════════════════[0m

[1;36m════════════════════════════════════════════════════════════[0m
[1;32m🎯 期号: 2025102期 完全吻合！[0m
[1;34m红球: [4, 9, 16, 17, 18, 31]  蓝球: 7[0m
[1;33m推演次数: 582684[0m
[1;36m────────────────────────────────────────────────────────────[0m
[1;35m[AI深度分析报告] 2025102期:[0m
[0;37m[GPT未配置][0m
[1;36m════════════════════════════════════════════════════════════[0m

[1;36m════════════════════════════════════════════════════════════[0m
[1;32m🎯 期号: 2025113期 完全吻合！[0m
[1;34m红球: [8, 10, 13, 15, 24, 31]  蓝球: 16[0m
[1;33m推演次数: 99612[0m
[1;36m────────────────────────────────────────────────────────────[0m
[1;35m[AI深度分析报告] 2025113期:[0m
[0;37m[GPT未配置][0m
[1;36m════════════════════════════════════════════════════════════[0m

[1;36m════════════════════════════════════════════════════════════[0m
[1;32m🎯 期号: 2025112期 完全吻合！[0m
[1;34m红球: [3, 9, 11, 13, 20, 32]  蓝球: 2[0m
[1;33m推演次数: 109058[0m
[1;36m────────────────────────────────────────────────────────────[0m
[1;35m[AI深度分析报告] 2025112期:[0m
[0;37m[GPT未配置][0m
[1;36m════════════════════════════════════════════════════════════[0m

[1;36m════════════════════════════════════════════════════════════[0m
[1;32m🎯 期号: 2025114期 完全吻合！[0m
[1;34m红球: [1, 20, 21, 25, 26, 27]  蓝球: 10[0m
[1;33m推演次数: 850656[0m
[1;36m────────────────────────────────────────────────────────────[0m
[1;35m[AI深度分析报告] 2025114期:[0m
[0;37m[GPT未配置][0m
[1;36m════════════════════════════════════════════════════════════[0m

[1;36m════════════════════════════════════════════════════════════[0m
[1;32m🎯 期号: 2025105期 完全吻合！[0m
[1;34m红球: [4, 7, 18, 24, 26, 28]  蓝球: 8[0m
[1;33m推演次数: 242718[0m
[1;36m────────────────────────────────────────────────────────────[0m
[1;35m[AI深度分析报告] 2025105期:[0m
[0;37m[GPT未配置][0m
[1;36m════════════════════════════════════════════════════════════[0m

[1;36m════════════════════════════════════════════════════════════[0m
[1;32m🎯 期号: 2025106期 完全吻合！[0m
[1;34m红球: [4, 5, 17, 22, 26, 30]  蓝球: 4[0m
[1;33m推演次数: 526575[0m
[1;36m────────────────────────────────────────────────────────────[0m
[1;35m[AI深度分析报告] 2025106期:[0m
[0;37m[GPT未配置][0m
[1;36m════════════════════════════════════════════════════════════[0m

[1;36m════════════════════════════════════════════════════════════[0m
[1;32m🎯 期号: 2025099期 完全吻合！[0m
[1;34m红球: [9, 11, 15, 17, 22, 26]  蓝球: 14[0m
[1;33m推演次数: 57042[0m
[1;36m────────────────────────────────────────────────────────────[0m
[1;35m[AI深度分析报告] 2025099期:[0m
[0;37m[GPT未配置][0m
[1;36m════════════════════════════════════════════════════════════[0m

[1;36m════════════════════════════════════════════════════════════[0m
[1;32m🎯 期号: 2025112期 完全吻合！[0m
[1;34m红球: [3, 9, 11, 13, 20, 32]  蓝球: 2[0m
[1;33m推演次数: 167100[0m
[1;36m────────────────────────────────────────────────────────────[0m
[1;35m[AI深度分析报告] 2025112期:[0m
[0;37m[GPT未配置][0m
[1;36m════════════════════════════════════════════════════════════[0m

[1;36m════════════════════════════════════════════════════════════[0m
[1;32m🎯 期号: 2025105期 完全吻合！[0m
[1;34m红球: [4, 7, 18, 24, 26, 28]  蓝球: 8[0m
[1;33m推演次数: 585678[0m
[1;36m────────────────────────────────────────────────────────────[0m
[1;35m[AI深度分析报告] 2025105期:[0m
[0;37m[GPT未配置][0m
[1;36m════════════════════════════════════════════════════════════[0m

[1;36m════════════════════════════════════════════════════════════[0m
[1;32m🎯 期号: 2025098期 完全吻合！[0m
[1;34m红球: [5, 8, 13, 17, 18, 29]  蓝球: 2[0m
[1;33m推演次数: 859543[0m
[1;36m────────────────────────────────────────────────────────────[0m
[1;35m[AI深度分析报告] 2025098期:[0m
[0;37m[GPT未配置][0m
[1;36m════════════════════════════════════════════════════════════[0m

[1;36m════════════════════════════════════════════════════════════[0m
[1;32m🎯 期号: 2025102期 完全吻合！[0m
[1;34m红球: [4, 9, 16, 17, 18, 31]  蓝球: 7[0m
[1;33m推演次数: 126530[0m
[1;36m────────────────────────────────────────────────────────────[0m
[1;35m[AI深度分析报告] 2025102期:[0m
[0;37m[GPT未配置][0m
[1;36m════════════════════════════════════════════════════════════[0m

[1;36m════════════════════════════════════════════════════════════[0m
[1;32m🎯 期号: 2025103期 完全吻合！[0m
[1;34m红球: [13, 16, 21, 25, 28, 31]  蓝球: 16[0m
[1;33m推演次数: 589633[0m
[1;36m────────────────────────────────────────────────────────────[0m
[1;35m[AI深度分析报告] 2025103期:[0m
[0;37m[GPT未配置][0m
[1;36m════════════════════════════════════════════════════════════[0m

[1;36m════════════════════════════════════════════════════════════[0m
[1;32m🎯 期号: 2025096期 完全吻合！[0m
[1;34m红球: [7, 9, 11, 12, 16, 29]  蓝球: 15[0m
[1;33m推演次数: 507842[0m
[1;36m────────────────────────────────────────────────────────────[0m
[1;35m[AI深度分析报告] 2025096期:[0m
[0;37m[GPT未配置][0m
[1;36m════════════════════════════════════════════════════════════[0m

[1;36m════════════════════════════════════════════════════════════[0m
[1;32m🎯 期号: 2025110期 完全吻合！[0m
[1;34m红球: [1, 5, 11, 14, 16, 19]  蓝球: 8[0m
[1;33m推演次数: 974077[0m
[1;36m────────────────────────────────────────────────────────────[0m
[1;35m[AI深度分析报告] 2025110期:[0m
[0;37m[GPT未配置][0m
[1;36m════════════════════════════════════════════════════════════[0m

[1;36m════════════════════════════════════════════════════════════[0m
[1;32m🎯 期号: 2025107期 完全吻合！[0m
[1;34m红球: [2, 3, 10, 15, 25, 33]  蓝球: 13[0m
[1;33m推演次数: 17255[0m
[1;36m────────────────────────────────────────────────────────────[0m
[1;35m[AI深度分析报告] 2025107期:[0m
[0;37m[GPT未配置][0m
[1;36m════════════════════════════════════════════════════════════[0m

[1;36m════════════════════════════════════════════════════════════[0m
[1;32m🎯 期号: 2025110期 完全吻合！[0m
[1;34m红球: [1, 5, 11, 14, 16, 19]  蓝球: 8[0m
[1;33m推演次数: 153998[0m
[1;36m────────────────────────────────────────────────────────────[0m
[1;35m[AI深度分析报告] 2025110期:[0m
[0;37m[GPT未配置][0m
[1;36m════════════════════════════════════════════════════════════[0m

[1;36m════════════════════════════════════════════════════════════[0m
[1;32m🎯 期号: 2025098期 完全吻合！[0m
[1;34m红球: [5, 8, 13, 17, 18, 29]  蓝球: 2[0m
[1;33m推演次数: 251114[0m
[1;36m────────────────────────────────────────────────────────────[0m
[1;35m[AI深度分析报告] 2025098期:[0m
[0;37m[GPT未配置][0m
[1;36m════════════════════════════════════════════════════════════[0m

[1;36m════════════════════════════════════════════════════════════[0m
[1;32m🎯 期号: 2025104期 完全吻合！[0m
[1;34m红球: [2, 5, 15, 16, 24, 32]  蓝球: 16[0m
[1;33m推演次数: 636435[0m
[1;36m────────────────────────────────────────────────────────────[0m
[1;35m[AI深度分析报告] 2025104期:[0m
[0;37m[GPT未配置][0m
[1;36m════════════════════════════════════════════════════════════[0m

[1;36m════════════════════════════════════════════════════════════[0m
[1;32m🎯 期号: 2025101期 完全吻合！[0m
[1;34m红球: [5, 8, 9, 10, 16, 21]  蓝球: 5[0m
[1;33m推演次数: 461931[0m
[1;36m────────────────────────────────────────────────────────────[0m
[1;35m[AI深度分析报告] 2025101期:[0m
[0;37m[GPT未配置][0m
[1;36m════════════════════════════════════════════════════════════[0m

[1;36m════════════════════════════════════════════════════════════[0m
[1;32m🎯 期号: 2025114期 完全吻合！[0m
[1;34m红球: [1, 20, 21, 25, 26, 27]  蓝球: 10[0m
[1;33m推演次数: 671249[0m
[1;36m────────────────────────────────────────────────────────────[0m
[1;35m[AI深度分析报告] 2025114期:[0m
[0;37m[GPT未配置][0m
[1;36m════════════════════════════════════════════════════════════[0m

[1;36m════════════════════════════════════════════════════════════[0m
[1;32m🎯 期号: 2025098期 完全吻合！[0m
[1;34m红球: [5, 8, 13, 17, 18, 29]  蓝球: 2[0m
[1;33m推演次数: 43019[0m
[1;36m────────────────────────────────────────────────────────────[0m
[1;35m[AI深度分析报告] 2025098期:[0m
[0;37m[GPT未配置][0m
[1;36m════════════════════════════════════════════════════════════[0m

[1;36m════════════════════════════════════════════════════════════[0m
[1;32m🎯 期号: 2025097期 完全吻合！[0m
[1;34m红球: [3, 5, 16, 23, 26, 31]  蓝球: 14[0m
[1;33m推演次数: 815772[0m
[1;36m────────────────────────────────────────────────────────────[0m
[1;35m[AI深度分析报告] 2025097期:[0m
[0;37m[GPT未配置][0m
[1;36m════════════════════════════════════════════════════════════[0m

[1;36m════════════════════════════════════════════════════════════[0m
[1;32m🎯 期号: 2025095期 完全吻合！[0m
[1;34m红球: [15, 16, 22, 23, 26, 32]  蓝球: 4[0m
[1;33m推演次数: 222121[0m
[1;36m────────────────────────────────────────────────────────────[0m
[1;35m[AI深度分析报告] 2025095期:[0m
[0;37m[GPT未配置][0m
[1;36m════════════════════════════════════════════════════════════[0m

[1;36m════════════════════════════════════════════════════════════[0m
[1;32m🎯 期号: 2025095期 完全吻合！[0m
[1;34m红球: [15, 16, 22, 23, 26, 32]  蓝球: 4[0m
[1;33m推演次数: 901062[0m
[1;36m────────────────────────────────────────────────────────────[0m
[1;35m[AI深度分析报告] 2025095期:[0m
[0;37m[GPT未配置][0m
[1;36m════════════════════════════════════════════════════════════[0m

[1;36m════════════════════════════════════════════════════════════[0m
[1;32m🎯 期号: 2025113期 完全吻合！[0m
[1;34m红球: [8, 10, 13, 15, 24, 31]  蓝球: 16[0m
[1;33m推演次数: 484742[0m
[1;36m────────────────────────────────────────────────────────────[0m
[1;35m[AI深度分析报告] 2025113期:[0m
[0;37m[GPT未配置][0m
[1;36m════════════════════════════════════════════════════════════[0m

[1;36m════════════════════════════════════════════════════════════[0m
[1;32m🎯 期号: 2025112期 完全吻合！[0m
[1;34m红球: [3, 9, 11, 13, 20, 32]  蓝球: 2[0m
[1;33m推演次数: 635917[0m
[1;36m────────────────────────────────────────────────────────────[0m
[1;35m[AI深度分析报告] 2025112期:[0m
[0;37m[GPT未配置][0m
[1;36m════════════════════════════════════════════════════════════[0m

[1;36m════════════════════════════════════════════════════════════[0m
[1;32m🎯 期号: 2025111期 完全吻合！[0m
[1;34m红球: [9, 14, 18, 28, 31, 33]  蓝球: 12[0m
[1;33m推演次数: 564134[0m
[1;36m────────────────────────────────────────────────────────────[0m
[1;35m[AI深度分析报告] 2025111期:[0m
[0;37m[GPT未配置][0m
[1;36m════════════════════════════════════════════════════════════[0m

[1;36m════════════════════════════════════════════════════════════[0m
[1;32m🎯 期号: 2025102期 完全吻合！[0m
[1;34m红球: [4, 9, 16, 17, 18, 31]  蓝球: 7[0m
[1;33m推演次数: 718847[0m
[1;36m────────────────────────────────────────────────────────────[0m
[1;35m[AI深度分析报告] 2025102期:[0m
[0;37m[GPT未配置][0m
[1;36m════════════════════════════════════════════════════════════[0m

[1;36m════════════════════════════════════════════════════════════[0m
[1;32m🎯 期号: 2025099期 完全吻合！[0m
[1;34m红球: [9, 11, 15, 17, 22, 26]  蓝球: 14[0m
[1;33m推演次数: 752868[0m
[1;36m────────────────────────────────────────────────────────────[0m
[1;35m[AI深度分析报告] 2025099期:[0m
[0;37m[GPT未配置][0m
[1;36m════════════════════════════════════════════════════════════[0m

[1;36m════════════════════════════════════════════════════════════[0m
[1;32m🎯 期号: 2025104期 完全吻合！[0m
[1;34m红球: [2, 5, 15, 16, 24, 32]  蓝球: 16[0m
[1;33m推演次数: 937425[0m
[1;36m────────────────────────────────────────────────────────────[0m
[1;35m[AI深度分析报告] 2025104期:[0m
[0;37m[GPT未配置][0m
[1;36m════════════════════════════════════════════════════════════[0m

[1;36m════════════════════════════════════════════════════════════[0m
[1;32m🎯 期号: 2025114期 完全吻合！[0m
[1;34m红球: [1, 20, 21, 25, 26, 27]  蓝球: 10[0m
[1;33m推演次数: 13899[0m
[1;36m────────────────────────────────────────────────────────────[0m
[1;35m[AI深度分析报告] 2025114期:[0m
[0;37m[GPT未配置][0m
[1;36m════════════════════════════════════════════════════════════[0m

[1;36m════════════════════════════════════════════════════════════[0m
[1;32m🎯 期号: 2025109期 完全吻合！[0m
[1;34m红球: [5, 6, 9, 17, 18, 31]  蓝球: 3[0m
[1;33m推演次数: 554660[0m
[1;36m────────────────────────────────────────────────────────────[0m
[1;35m[AI深度分析报告] 2025109期:[0m
[0;37m[GPT未配置][0m
[1;36m════════════════════════════════════════════════════════════[0m

[1;36m════════════════════════════════════════════════════════════[0m
[1;32m🎯 期号: 2025108期 完全吻合！[0m
[1;34m红球: [1, 9, 14, 17, 22, 33]  蓝球: 7[0m
[1;33m推演次数: 541798[0m
[1;36m────────────────────────────────────────────────────────────[0m
[1;35m[AI深度分析报告] 2025108期:[0m
[0;37m[GPT未配置][0m
[1;36m════════════════════════════════════════════════════════════[0m

[1;36m════════════════════════════════════════════════════════════[0m
[1;32m🎯 期号: 2025102期 完全吻合！[0m
[1;34m红球: [4, 9, 16, 17, 18, 31]  蓝球: 7[0m
[1;33m推演次数: 326936[0m
[1;36m────────────────────────────────────────────────────────────[0m
[1;35m[AI深度分析报告] 2025102期:[0m
[0;37m[GPT未配置][0m
[1;36m════════════════════════════════════════════════════════════[0m

[1;36m════════════════════════════════════════════════════════════[0m
[1;32m🎯 期号: 2025108期 完全吻合！[0m
[1;34m红球: [1, 9, 14, 17, 22, 33]  蓝球: 7[0m
[1;33m推演次数: 477720[0m
[1;36m────────────────────────────────────────────────────────────[0m
[1;35m[AI深度分析报告] 2025108期:[0m
[0;37m[GPT未配置][0m
[1;36m════════════════════════════════════════════════════════════[0m

[1;36m════════════════════════════════════════════════════════════[0m
[1;32m🎯 期号: 2025097期 完全吻合！[0m
[1;34m红球: [3, 5, 16, 23, 26, 31]  蓝球: 14[0m
[1;33m推演次数: 874055[0m
[1;36m────────────────────────────────────────────────────────────[0m
[1;35m[AI深度分析报告] 2025097期:[0m
[0;37m[GPT未配置][0m
[1;36m════════════════════════════════════════════════════════════[0m

[1;36m════════════════════════════════════════════════════════════[0m
[1;32m🎯 期号: 2025107期 完全吻合！[0m
[1;34m红球: [2, 3, 10, 15, 25, 33]  蓝球: 13[0m
[1;33m推演次数: 652707[0m
[1;36m────────────────────────────────────────────────────────────[0m
[1;35m[AI深度分析报告] 2025107期:[0m
[0;37m[GPT未配置][0m
[1;36m════════════════════════════════════════════════════════════[0m

[1;36m════════════════════════════════════════════════════════════[0m
[1;32m🎯 期号: 2025098期 完全吻合！[0m
[1;34m红球: [5, 8, 13, 17, 18, 29]  蓝球: 2[0m
[1;33m推演次数: 109624[0m
[1;36m────────────────────────────────────────────────────────────[0m
[1;35m[AI深度分析报告] 2025098期:[0m
[0;37m[GPT未配置][0m
[1;36m════════════════════════════════════════════════════════════[0m

[1;36m════════════════════════════════════════════════════════════[0m
[1;32m🎯 期号: 2025112期 完全吻合！[0m
[1;34m红球: [3, 9, 11, 13, 20, 32]  蓝球: 2[0m
[1;33m推演次数: 175091[0m
